<?xml version="1.0" encoding="UTF-8"?>
<testsuite xmlns:xsi="http://www.w3.org/2001/XMLSchema-instance" xsi:noNamespaceSchemaLocation="https://maven.apache.org/surefire/maven-surefire-plugin/xsd/surefire-test-report-3.0.xsd" version="3.0" name="br.com.simple_payment.SimplePaymentApplicationTests" time="6.032" tests="1" errors="0" skipped="0" failures="0">
  <properties>
[...]
</properties>
  <testcase name="contextLoads" classname="br.com.simple_payment.SimplePaymentApplicationTests" time="1.074">
    <system-out><![CDATA[17:22:38.815 [main] INFO org.springframework.test.context.support.AnnotationConfigContextLoaderUtils -- Could not detect default configuration classes for test class [br.com.simple_payment.SimplePaymentApplicationTests]: SimplePaymentApplicationTests does not declare any static, non-private, non-final, nested classes annotated with @Configuration.
17:22:38.891 [main] INFO org.springframework.boot.test.context.SpringBootTestContextBootstrapper -- Found @SpringBootConfiguration br.com.simple_payment.SimplePaymentApplication for test class br.com.simple_payment.SimplePaymentApplicationTests
17:22:39.106 [main] INFO org.springframework.boot.devtools.restart.RestartApplicationListener -- Restart disabled due to context in which it is running
  .   ____          _            __ _ _
 /\\ / ___'_ __ _ _(_)_ __  __ _ \ \ \ \
( ( )\___ | '_ | '_| | '_ \/ _` | \ \ \ \
 \\/  ___)| |_)| | | | | || (_| |  ) ) ) )
  '  |____| .__|_| |_|_| |_\__, | / / / /
 =========|_|==============|___/=/_/_/_/

 :: Spring Boot ::                (v3.3.0)

2024-05-30T17:22:39.530-03:00  INFO 4107 --- [simple-payment] [           main] b.c.s.SimplePaymentApplicationTests      : Starting SimplePaymentApplicationTests using Java 22.0.1 with PID 4107 (started by leoleo in /Users/leoleo/Documents/java/SimplePayment/simple-payment)
2024-05-30T17:22:39.532-03:00  INFO 4107 --- [simple-payment] [           main] b.c.s.SimplePaymentApplicationTests      : No active profile set, falling back to 1 default profile: "default"
2024-05-30T17:22:40.249-03:00  INFO 4107 --- [simple-payment] [           main] .s.d.r.c.RepositoryConfigurationDelegate : Bootstrapping Spring Data JDBC repositories in DEFAULT mode.
2024-05-30T17:22:40.281-03:00  INFO 4107 --- [simple-payment] [           main] .s.d.r.c.RepositoryConfigurationDelegate : Finished Spring Data repository scanning in 28 ms. Found 2 JDBC repository interfaces.
2024-05-30T17:22:41.557-03:00  INFO 4107 --- [simple-payment] [           main] com.zaxxer.hikari.HikariDataSource       : HikariPool-1 - Starting...
2024-05-30T17:22:41.885-03:00  INFO 4107 --- [simple-payment] [           main] com.zaxxer.hikari.pool.HikariPool        : HikariPool-1 - Added connection conn0: url=jdbc:h2:file:./data/simple-payment user=SA
2024-05-30T17:22:41.888-03:00  INFO 4107 --- [simple-payment] [           main] com.zaxxer.hikari.HikariDataSource       : HikariPool-1 - Start completed.
2024-05-30T17:22:43.122-03:00  INFO 4107 --- [simple-payment] [           main] o.s.b.a.h2.H2ConsoleAutoConfiguration    : H2 console available at '/h2-console'. Database available at 'jdbc:h2:file:./data/simple-payment'
2024-05-30T17:22:43.286-03:00  INFO 4107 --- [simple-payment] [           main] o.a.k.clients.consumer.ConsumerConfig    : ConsumerConfig values: 
	allow.auto.create.topics = true
	auto.commit.interval.ms = 5000
	auto.include.jmx.reporter = true
	auto.offset.reset = latest
	bootstrap.servers = [localhost:9094]
	check.crcs = true
	client.dns.lookup = use_all_dns_ips
	client.id = consumer-simple_payment-1
	client.rack = 
	connections.max.idle.ms = 540000
	default.api.timeout.ms = 60000
	enable.auto.commit = false
	enable.metrics.push = true
	exclude.internal.topics = true
	fetch.max.bytes = 52428800
	fetch.max.wait.ms = 500
	fetch.min.bytes = 1
	group.id = simple_payment
	group.instance.id = null
	group.protocol = classic
	group.remote.assignor = null
	heartbeat.interval.ms = 3000
	interceptor.classes = []
	internal.leave.group.on.close = true
	internal.throw.on.fetch.stable.offset.unsupported = false
	isolation.level = read_uncommitted
	key.deserializer = class org.apache.kafka.common.serialization.StringDeserializer
	max.partition.fetch.bytes = 1048576
	max.poll.interval.ms = 300000
	max.poll.records = 500
	metadata.max.age.ms = 300000
	metric.reporters = []
	metrics.num.samples = 2
	metrics.recording.level = INFO
	metrics.sample.window.ms = 30000
	partition.assignment.strategy = [class org.apache.kafka.clients.consumer.RangeAssignor, class org.apache.kafka.clients.consumer.CooperativeStickyAssignor]
	receive.buffer.bytes = 65536
	reconnect.backoff.max.ms = 1000
	reconnect.backoff.ms = 50
	request.timeout.ms = 30000
	retry.backoff.max.ms = 1000
	retry.backoff.ms = 100
	sasl.client.callback.handler.class = null
	sasl.jaas.config = null
	sasl.kerberos.kinit.cmd = /usr/bin/kinit
	sasl.kerberos.min.time.before.relogin = 60000
	sasl.kerberos.service.name = null
	sasl.kerberos.ticket.renew.jitter = 0.05
	sasl.kerberos.ticket.renew.window.factor = 0.8
	sasl.login.callback.handler.class = null
	sasl.login.class = null
	sasl.login.connect.timeout.ms = null
	sasl.login.read.timeout.ms = null
	sasl.login.refresh.buffer.seconds = 300
	sasl.login.refresh.min.period.seconds = 60
	sasl.login.refresh.window.factor = 0.8
	sasl.login.refresh.window.jitter = 0.05
	sasl.login.retry.backoff.max.ms = 10000
	sasl.login.retry.backoff.ms = 100
	sasl.mechanism = GSSAPI
	sasl.oauthbearer.clock.skew.seconds = 30
	sasl.oauthbearer.expected.audience = null
	sasl.oauthbearer.expected.issuer = null
	sasl.oauthbearer.jwks.endpoint.refresh.ms = 3600000
	sasl.oauthbearer.jwks.endpoint.retry.backoff.max.ms = 10000
	sasl.oauthbearer.jwks.endpoint.retry.backoff.ms = 100
	sasl.oauthbearer.jwks.endpoint.url = null
	sasl.oauthbearer.scope.claim.name = scope
	sasl.oauthbearer.sub.claim.name = sub
	sasl.oauthbearer.token.endpoint.url = null
	security.protocol = PLAINTEXT
	security.providers = null
	send.buffer.bytes = 131072
	session.timeout.ms = 45000
	socket.connection.setup.timeout.max.ms = 30000
	socket.connection.setup.timeout.ms = 10000
	ssl.cipher.suites = null
	ssl.enabled.protocols = [TLSv1.2, TLSv1.3]
	ssl.endpoint.identification.algorithm = https
	ssl.engine.factory.class = null
	ssl.key.password = null
	ssl.keymanager.algorithm = SunX509
	ssl.keystore.certificate.chain = null
	ssl.keystore.key = null
	ssl.keystore.location = null
	ssl.keystore.password = null
	ssl.keystore.type = JKS
	ssl.protocol = TLSv1.3
	ssl.provider = null
	ssl.secure.random.implementation = null
	ssl.trustmanager.algorithm = PKIX
	ssl.truststore.certificates = null
	ssl.truststore.location = null
	ssl.truststore.password = null
	ssl.truststore.type = JKS
	value.deserializer = class org.apache.kafka.common.serialization.StringDeserializer

2024-05-30T17:22:43.328-03:00  INFO 4107 --- [simple-payment] [           main] o.a.k.c.t.i.KafkaMetricsCollector        : initializing Kafka metrics collector
2024-05-30T17:22:43.617-03:00  INFO 4107 --- [simple-payment] [           main] o.a.k.clients.consumer.ConsumerConfig    : These configurations '[spring.json.trusted.packages]' were supplied but are not used yet.
2024-05-30T17:22:43.619-03:00  INFO 4107 --- [simple-payment] [           main] o.a.kafka.common.utils.AppInfoParser     : Kafka version: 3.7.0
2024-05-30T17:22:43.619-03:00  INFO 4107 --- [simple-payment] [           main] o.a.kafka.common.utils.AppInfoParser     : Kafka commitId: 2ae524ed625438c5
2024-05-30T17:22:43.620-03:00  INFO 4107 --- [simple-payment] [           main] o.a.kafka.common.utils.AppInfoParser     : Kafka startTimeMs: 1717100563618
2024-05-30T17:22:43.623-03:00  INFO 4107 --- [simple-payment] [           main] o.a.k.c.c.internals.LegacyKafkaConsumer  : [Consumer clientId=consumer-simple_payment-1, groupId=simple_payment] Subscribed to topic(s): transaction-notification
2024-05-30T17:22:43.641-03:00  INFO 4107 --- [simple-payment] [           main] b.c.s.SimplePaymentApplicationTests      : Started SimplePaymentApplicationTests in 4.552 seconds (process running for 5.414)
2024-05-30T17:22:43.920-03:00  INFO 4107 --- [simple-payment] [ntainer#0-0-C-1] org.apache.kafka.clients.NetworkClient   : [Consumer clientId=consumer-simple_payment-1, groupId=simple_payment] Node -1 disconnected.
2024-05-30T17:22:43.922-03:00  WARN 4107 --- [simple-payment] [ntainer#0-0-C-1] org.apache.kafka.clients.NetworkClient   : [Consumer clientId=consumer-simple_payment-1, groupId=simple_payment] Connection to node -1 (localhost/127.0.0.1:9094) could not be established. Node may not be available.
2024-05-30T17:22:43.922-03:00  WARN 4107 --- [simple-payment] [ntainer#0-0-C-1] org.apache.kafka.clients.NetworkClient   : [Consumer clientId=consumer-simple_payment-1, groupId=simple_payment] Bootstrap broker localhost:9094 (id: -1 rack: null) disconnected
2024-05-30T17:22:44.039-03:00  INFO 4107 --- [simple-payment] [ntainer#0-0-C-1] org.apache.kafka.clients.NetworkClient   : [Consumer clientId=consumer-simple_payment-1, groupId=simple_payment] Node -1 disconnected.
2024-05-30T17:22:44.086-03:00  WARN 4107 --- [simple-payment] [ntainer#0-0-C-1] org.apache.kafka.clients.NetworkClient   : [Consumer clientId=consumer-simple_payment-1, groupId=simple_payment] Connection to node -1 (localhost/127.0.0.1:9094) could not be established. Node may not be available.
2024-05-30T17:22:44.087-03:00  WARN 4107 --- [simple-payment] [ntainer#0-0-C-1] org.apache.kafka.clients.NetworkClient   : [Consumer clientId=consumer-simple_payment-1, groupId=simple_payment] Bootstrap broker localhost:9094 (id: -1 rack: null) disconnected
2024-05-30T17:22:44.191-03:00  INFO 4107 --- [simple-payment] [ntainer#0-0-C-1] org.apache.kafka.clients.NetworkClient   : [Consumer clientId=consumer-simple_payment-1, groupId=simple_payment] Node -1 disconnected.
2024-05-30T17:22:44.191-03:00  WARN 4107 --- [simple-payment] [ntainer#0-0-C-1] org.apache.kafka.clients.NetworkClient   : [Consumer clientId=consumer-simple_payment-1, groupId=simple_payment] Connection to node -1 (localhost/127.0.0.1:9094) could not be established. Node may not be available.
2024-05-30T17:22:44.192-03:00  WARN 4107 --- [simple-payment] [ntainer#0-0-C-1] org.apache.kafka.clients.NetworkClient   : [Consumer clientId=consumer-simple_payment-1, groupId=simple_payment] Bootstrap broker localhost:9094 (id: -1 rack: null) disconnected
2024-05-30T17:22:44.378-03:00  INFO 4107 --- [simple-payment] [ntainer#0-0-C-1] org.apache.kafka.clients.NetworkClient   : [Consumer clientId=consumer-simple_payment-1, groupId=simple_payment] Node -1 disconnected.
2024-05-30T17:22:44.378-03:00  WARN 4107 --- [simple-payment] [ntainer#0-0-C-1] org.apache.kafka.clients.NetworkClient   : [Consumer clientId=consumer-simple_payment-1, groupId=simple_payment] Connection to node -1 (localhost/127.0.0.1:9094) could not be established. Node may not be available.
2024-05-30T17:22:44.378-03:00  WARN 4107 --- [simple-payment] [ntainer#0-0-C-1] org.apache.kafka.clients.NetworkClient   : [Consumer clientId=consumer-simple_payment-1, groupId=simple_payment] Bootstrap broker localhost:9094 (id: -1 rack: null) disconnected
2024-05-30T17:22:44.701-03:00  INFO 4107 --- [simple-payment] [ntainer#0-0-C-1] org.apache.kafka.clients.NetworkClient   : [Consumer clientId=consumer-simple_payment-1, groupId=simple_payment] Node -1 disconnected.
2024-05-30T17:22:44.701-03:00  WARN 4107 --- [simple-payment] [ntainer#0-0-C-1] org.apache.kafka.clients.NetworkClient   : [Consumer clientId=consumer-simple_payment-1, groupId=simple_payment] Connection to node -1 (localhost/127.0.0.1:9094) could not be established. Node may not be available.
2024-05-30T17:22:44.701-03:00  WARN 4107 --- [simple-payment] [ntainer#0-0-C-1] org.apache.kafka.clients.NetworkClient   : [Consumer clientId=consumer-simple_payment-1, groupId=simple_payment] Bootstrap broker localhost:9094 (id: -1 rack: null) disconnected
]]></system-out>
    <system-err><![CDATA[WARNING: A Java agent has been loaded dynamically (/Users/leoleo/.m2/repository/net/bytebuddy/byte-buddy-agent/1.14.16/byte-buddy-agent-1.14.16.jar)
WARNING: If a serviceability tool is in use, please run with -XX:+EnableDynamicAgentLoading to hide this warning
WARNING: If a serviceability tool is not in use, please run with -Djdk.instrument.traceUsage for more information
WARNING: Dynamic loading of agents will be disallowed by default in a future release
]]></system-err>
  </testcase>
</testsuite>